c:\users\victo\onedrive\área de trabalho\nova pasta\hotel\build\src\lib\debug\include.pdb
c:\users\victo\onedrive\área de trabalho\nova pasta\hotel\build\src\lib\include.dir\debug\dados.obj
c:\users\victo\onedrive\área de trabalho\nova pasta\hotel\build\src\lib\include.dir\debug\reserva.obj
c:\users\victo\onedrive\área de trabalho\nova pasta\hotel\build\src\lib\include.dir\debug\quarto_suite.obj
c:\users\victo\onedrive\área de trabalho\nova pasta\hotel\build\src\lib\include.dir\debug\quarto_simples.obj
c:\users\victo\onedrive\área de trabalho\nova pasta\hotel\build\src\lib\include.dir\debug\quarto_luxo.obj
c:\users\victo\onedrive\área de trabalho\nova pasta\hotel\build\src\lib\include.dir\debug\quarto.obj
c:\users\victo\onedrive\área de trabalho\nova pasta\hotel\build\src\lib\include.dir\debug\pagamento.obj
c:\users\victo\onedrive\área de trabalho\nova pasta\hotel\build\src\lib\include.dir\debug\hotel.obj
c:\users\victo\onedrive\área de trabalho\nova pasta\hotel\build\src\lib\include.dir\debug\hospede.obj
c:\users\victo\onedrive\área de trabalho\nova pasta\hotel\build\src\lib\include.dir\debug\cliente.obj
c:\users\victo\onedrive\área de trabalho\nova pasta\hotel\build\src\lib\include.dir\debug\avaliacao.obj
c:\users\victo\onedrive\área de trabalho\nova pasta\hotel\build\src\lib\include.dir\debug\pessoa.obj
c:\users\victo\onedrive\área de trabalho\nova pasta\hotel\build\src\lib\cmakefiles\generate.stamp
c:\users\victo\onedrive\área de trabalho\nova pasta\hotel\build\src\lib\debug\include.lib
c:\users\victo\onedrive\área de trabalho\nova pasta\hotel\build\src\lib\include.dir\debug\include.tlog\cl.command.1.tlog
c:\users\victo\onedrive\área de trabalho\nova pasta\hotel\build\src\lib\include.dir\debug\include.tlog\cl.items.tlog
c:\users\victo\onedrive\área de trabalho\nova pasta\hotel\build\src\lib\include.dir\debug\include.tlog\cl.read.1.tlog
c:\users\victo\onedrive\área de trabalho\nova pasta\hotel\build\src\lib\include.dir\debug\include.tlog\cl.write.1.tlog
c:\users\victo\onedrive\área de trabalho\nova pasta\hotel\build\src\lib\include.dir\debug\include.tlog\custombuild.command.1.tlog
c:\users\victo\onedrive\área de trabalho\nova pasta\hotel\build\src\lib\include.dir\debug\include.tlog\custombuild.read.1.tlog
c:\users\victo\onedrive\área de trabalho\nova pasta\hotel\build\src\lib\include.dir\debug\include.tlog\custombuild.write.1.tlog
c:\users\victo\onedrive\área de trabalho\nova pasta\hotel\build\src\lib\include.dir\debug\include.tlog\lib-link.read.1.tlog
c:\users\victo\onedrive\área de trabalho\nova pasta\hotel\build\src\lib\include.dir\debug\include.tlog\lib-link.write.1.tlog
c:\users\victo\onedrive\área de trabalho\nova pasta\hotel\build\src\lib\include.dir\debug\include.tlog\lib.command.1.tlog
